2025-05-13 18:14:59,367 - __main__ - INFO - Starting Run
2025-05-13 18:14:59,367 - __main__ - INFO - Run 1
2025-05-13 18:14:59,484 - core - INFO - Converting Enkephalin to Modules
2025-05-13 18:14:59,923 - core - INFO - Navigating to Mirror Dungeon
2025-05-13 18:15:12,775 - __main__ - INFO - Starting Run
2025-05-13 18:15:12,775 - __main__ - INFO - Run 1
2025-05-13 18:15:12,900 - core - INFO - Converting Enkephalin to Modules
2025-05-13 18:15:13,143 - __main__ - INFO - Starting Run
2025-05-13 18:15:13,143 - __main__ - INFO - Run 1
2025-05-13 18:15:13,275 - core - INFO - Converting Enkephalin to Modules
2025-05-13 18:15:13,421 - core - INFO - Navigating to Mirror Dungeon
2025-05-13 18:15:13,783 - core - INFO - Navigating to Mirror Dungeon
2025-05-13 18:19:39,551 - __main__ - INFO - Starting Run
2025-05-13 18:19:39,552 - __main__ - INFO - Run 1
2025-05-13 18:19:39,664 - core - INFO - Converting Enkephalin to Modules
2025-05-13 18:19:42,981 - core - INFO - Navigating to Mirror Dungeon
2025-05-13 18:19:47,434 - __main__ - INFO - Current Team: sinking
2025-05-13 18:19:51,366 - src.core - INFO - Loading
2025-05-13 18:22:48,575 - __main__ - INFO - Starting Run
2025-05-13 18:22:48,575 - __main__ - INFO - Run 1
2025-05-13 18:22:48,699 - core - INFO - Converting Enkephalin to Modules
2025-05-13 18:22:49,127 - core - INFO - Navigating to Mirror Dungeon
2025-05-13 18:23:02,514 - __main__ - INFO - Current Team: sinking
2025-05-13 18:23:06,488 - src.core - INFO - Loading
2025-05-13 18:23:09,034 - mirror - INFO - Resuming Run
2025-05-13 18:23:09,815 - mirror - INFO - Navigating
2025-05-13 18:23:11,106 - __main__ - ERROR - Template image 'pictures/mirror/general/node_1_o.png' not found.
Traceback (most recent call last):
  File "C:\Users\viraj\Desktop\kids\sirsquirrel_gui.py", line 59, in mirror_dungeon_run
    win_flag, run_complete = MD.mirror_loop()
  File "C:\Users\viraj\Desktop\kids\src\mirror.py", line 124, in mirror_loop
    self.navigation()
  File "C:\Users\viraj\Desktop\kids\src\mirror.py", line 430, in navigation
    node_y = self.check_nodes(node_y)
  File "C:\Users\viraj\Desktop\kids\src\mirror.py", line 394, in check_nodes
    top_alt = common.greyscale_match_image("pictures/mirror/general/node_1_o.png",0.75)
  File "C:\Users\viraj\Desktop\kids\src\common.py", line 157, in greyscale_match_image
    raise FileNotFoundError(f"Template image '{template_path}' not found.")
FileNotFoundError: Template image 'pictures/mirror/general/node_1_o.png' not found.
2025-05-13 18:23:42,734 - __main__ - INFO - Starting Run
2025-05-13 18:23:42,735 - __main__ - INFO - Run 1
2025-05-13 18:23:42,846 - core - INFO - Converting Enkephalin to Modules
2025-05-13 18:23:46,210 - core - INFO - Navigating to Mirror Dungeon
2025-05-13 18:23:48,989 - __main__ - INFO - Current Team: sinking
2025-05-13 18:23:52,977 - src.core - INFO - Loading
2025-05-13 18:23:55,484 - mirror - INFO - Resuming Run
2025-05-13 18:23:56,202 - mirror - INFO - Navigating
2025-05-13 18:23:57,426 - __main__ - ERROR - Template image 'pictures/mirror/general/node_1_o.png' not found.
Traceback (most recent call last):
  File "C:\Users\viraj\Desktop\kids\sirsquirrel_gui.py", line 59, in mirror_dungeon_run
    win_flag, run_complete = MD.mirror_loop()
  File "C:\Users\viraj\Desktop\kids\src\mirror.py", line 124, in mirror_loop
    self.navigation()
  File "C:\Users\viraj\Desktop\kids\src\mirror.py", line 430, in navigation
    node_y = self.check_nodes(node_y)
  File "C:\Users\viraj\Desktop\kids\src\mirror.py", line 394, in check_nodes
    top_alt = common.greyscale_match_image("pictures/mirror/general/node_1_o.png",0.75)
  File "C:\Users\viraj\Desktop\kids\src\common.py", line 157, in greyscale_match_image
    raise FileNotFoundError(f"Template image '{template_path}' not found.")
FileNotFoundError: Template image 'pictures/mirror/general/node_1_o.png' not found.
2025-05-13 18:40:53,103 - __main__ - INFO - Starting Run
2025-05-13 18:40:53,103 - __main__ - INFO - Run 1
2025-05-13 18:40:53,216 - core - INFO - Converting Enkephalin to Modules
2025-05-13 18:40:56,526 - core - INFO - Navigating to Mirror Dungeon
2025-05-13 18:40:59,225 - __main__ - INFO - Current Team: sinking
2025-05-13 18:41:03,168 - src.core - INFO - Loading
2025-05-13 18:41:06,329 - mirror - INFO - Resuming Run
2025-05-13 18:41:07,048 - mirror - INFO - Navigating
2025-05-13 18:41:08,327 - __main__ - ERROR - Template image 'pictures/mirror/general/node_1_o.png' not found.
Traceback (most recent call last):
  File "C:\Users\viraj\Desktop\kids\sirsquirrel_gui.py", line 59, in mirror_dungeon_run
    win_flag, run_complete = MD.mirror_loop()
  File "C:\Users\viraj\Desktop\kids\src\mirror.py", line 124, in mirror_loop
    self.navigation()
  File "C:\Users\viraj\Desktop\kids\src\mirror.py", line 430, in navigation
    node_y = self.check_nodes(node_y)
  File "C:\Users\viraj\Desktop\kids\src\mirror.py", line 394, in check_nodes
    top_alt = common.greyscale_match_image("pictures/mirror/general/node_1_o.png",0.75)
  File "C:\Users\viraj\Desktop\kids\src\common.py", line 157, in greyscale_match_image
    raise FileNotFoundError(f"Template image '{template_path}' not found.")
FileNotFoundError: Template image 'pictures/mirror/general/node_1_o.png' not found.
2025-05-14 08:03:21,123 - __main__ - INFO - Starting Run
2025-05-14 08:03:21,127 - __main__ - INFO - Run 1
2025-05-14 08:03:21,250 - core - INFO - Converting Enkephalin to Modules
2025-05-14 08:03:24,586 - core - INFO - Navigating to Mirror Dungeon
2025-05-14 08:03:29,061 - __main__ - INFO - Current Team: sinking
2025-05-14 08:03:33,640 - src.core - INFO - Loading
2025-05-14 08:03:36,793 - mirror - INFO - Resuming Run
2025-05-14 08:03:37,516 - mirror - INFO - Navigating
2025-05-14 08:03:38,772 - __main__ - ERROR - Template image 'pictures/mirror/general/node_1_o.png' not found.
Traceback (most recent call last):
  File "C:\Users\viraj\Desktop\kids\sirsquirrel_gui.py", line 59, in mirror_dungeon_run
    win_flag, run_complete = MD.mirror_loop()
  File "C:\Users\viraj\Desktop\kids\src\mirror.py", line 124, in mirror_loop
    self.navigation()
  File "C:\Users\viraj\Desktop\kids\src\mirror.py", line 430, in navigation
    node_y = self.check_nodes(node_y)
  File "C:\Users\viraj\Desktop\kids\src\mirror.py", line 394, in check_nodes
    top_alt = common.greyscale_match_image("pictures/mirror/general/node_1_o.png",0.75)
  File "C:\Users\viraj\Desktop\kids\src\common.py", line 158, in greyscale_match_image
    raise FileNotFoundError(f"Template image '{template_path}' not found.")
FileNotFoundError: Template image 'pictures/mirror/general/node_1_o.png' not found.
2025-05-14 08:07:30,573 - __main__ - INFO - Starting Run
2025-05-14 08:07:30,573 - __main__ - INFO - Run 1
2025-05-14 08:07:30,686 - core - INFO - Converting Enkephalin to Modules
2025-05-14 08:07:33,967 - core - INFO - Navigating to Mirror Dungeon
2025-05-14 08:07:36,657 - __main__ - INFO - Current Team: sinking
2025-05-14 08:07:40,625 - src.core - INFO - Loading
2025-05-14 08:07:43,780 - mirror - INFO - Resuming Run
2025-05-14 08:07:44,509 - mirror - INFO - Navigating
2025-05-14 08:07:45,766 - __main__ - ERROR - Template image 'pictures/mirror/general/node_1_o.png' not found.
Traceback (most recent call last):
  File "C:\Users\viraj\Desktop\kids\sirsquirrel_gui.py", line 59, in mirror_dungeon_run
    win_flag, run_complete = MD.mirror_loop()
  File "C:\Users\viraj\Desktop\kids\src\mirror.py", line 124, in mirror_loop
    self.navigation()
  File "C:\Users\viraj\Desktop\kids\src\mirror.py", line 430, in navigation
    node_y = self.check_nodes(node_y)
  File "C:\Users\viraj\Desktop\kids\src\mirror.py", line 394, in check_nodes
    top_alt = common.greyscale_match_image("pictures/mirror/general/node_1_o.png",0.75)
  File "C:\Users\viraj\Desktop\kids\src\common.py", line 159, in greyscale_match_image
    raise FileNotFoundError(f"Template image '{template_path}' not found.")
FileNotFoundError: Template image 'pictures/mirror/general/node_1_o.png' not found.
2025-05-14 08:08:23,838 - __main__ - INFO - Starting Run
2025-05-14 08:08:23,838 - __main__ - INFO - Run 1
2025-05-14 08:08:23,952 - core - INFO - Converting Enkephalin to Modules
2025-05-14 08:08:27,261 - core - INFO - Navigating to Mirror Dungeon
2025-05-14 08:08:29,978 - __main__ - INFO - Current Team: sinking
2025-05-14 08:08:33,366 - mirror - INFO - Starting Run
2025-05-14 08:08:33,467 - mirror - INFO - Mirror Dungeon Squad Select
2025-05-14 08:08:47,544 - mirror - INFO - Grace of Stars
2025-05-14 08:08:51,606 - mirror - INFO - E.G.O Gift Selection
2025-05-14 08:08:55,465 - src.core - INFO - Loading
2025-05-14 08:08:56,201 - mirror - INFO - EGO GIFT Prompt
2025-05-14 08:09:02,919 - mirror - INFO - Pack Selection
2025-05-14 08:09:03,447 - mirror - INFO - Current Floor 
2025-05-14 08:09:07,673 - mirror - INFO - Hard Mode was previously ran, reverting to Normal
2025-05-14 08:09:07,770 - mirror - INFO - Toggled from Hard
2025-05-14 08:09:07,867 - mirror - DEBUG - Current Floor f1
2025-05-14 08:09:10,128 - mirror - DEBUG - 117.0
2025-05-14 08:09:10,267 - mirror - INFO - Pack exclusion not detected, status detected, choosing from status
2025-05-14 08:09:10,367 - mirror - DEBUG - [(np.int64(798), np.int64(869)), (np.int64(862), np.int64(870))]
2025-05-14 08:09:12,002 - src.core - INFO - Moving to Next Floor
2025-05-14 08:09:17,657 - mirror - INFO - Navigating
2025-05-14 08:09:19,017 - __main__ - ERROR - Template image 'pictures/mirror/general/node_1_o.png' not found.
Traceback (most recent call last):
  File "C:\Users\viraj\Desktop\kids\sirsquirrel_gui.py", line 59, in mirror_dungeon_run
    win_flag, run_complete = MD.mirror_loop()
  File "C:\Users\viraj\Desktop\kids\src\mirror.py", line 124, in mirror_loop
    self.navigation()
  File "C:\Users\viraj\Desktop\kids\src\mirror.py", line 430, in navigation
    node_y = self.check_nodes(node_y)
  File "C:\Users\viraj\Desktop\kids\src\mirror.py", line 394, in check_nodes
    top_alt = common.greyscale_match_image("pictures/mirror/general/node_1_o.png",0.75)
  File "C:\Users\viraj\Desktop\kids\src\common.py", line 159, in greyscale_match_image
    raise FileNotFoundError(f"Template image '{template_path}' not found.")
FileNotFoundError: Template image 'pictures/mirror/general/node_1_o.png' not found.
2025-05-14 08:22:25,393 - __main__ - INFO - Starting Run
2025-05-14 08:22:25,394 - __main__ - INFO - Run 1
2025-05-14 08:22:25,515 - core - INFO - Converting Enkephalin to Modules
2025-05-14 08:22:28,835 - core - INFO - Navigating to Mirror Dungeon
2025-05-14 08:22:31,533 - __main__ - INFO - Current Team: burn
2025-05-14 08:22:35,544 - src.core - INFO - Loading
2025-05-14 08:22:38,071 - mirror - INFO - Resuming Run
2025-05-14 08:22:38,836 - mirror - INFO - Navigating
2025-05-14 08:22:40,305 - mirror - DEBUG - Checking for Node Paths
2025-05-14 08:22:40,305 - mirror - DEBUG - [263, 689, 1115]
2025-05-14 08:22:42,148 - mirror - DEBUG - [(np.int64(1086), np.int64(101)), (np.int64(1086), np.int64(742)), (np.int64(1124), np.int64(422)), (np.int64(1470), np.int64(742)), (np.int64(1509), np.int64(101)), (np.int64(1615), np.int64(74)), (np.int64(1892), np.int64(422))]
2025-05-14 08:22:42,148 - mirror - DEBUG - [(np.int64(1086), np.int64(101)), (np.int64(1086), np.int64(742)), (np.int64(1124), np.int64(422))]
2025-05-14 08:22:42,148 - mirror - DEBUG - {(1080, 836), (1080, 517), (1080, 197)}
2025-05-14 08:22:42,148 - mirror - DEBUG - []
2025-05-14 08:22:42,148 - mirror - DEBUG - [(1080, 836), (1080, 517), (1080, 197)]
2025-05-14 08:22:45,482 - mirror - INFO - Selecting Squad for Battle
2025-05-14 08:59:16,632 - __main__ - INFO - Starting Run
2025-05-14 08:59:16,632 - __main__ - INFO - Run 1
2025-05-14 08:59:16,753 - core - INFO - Converting Enkephalin to Modules
2025-05-14 08:59:20,111 - core - INFO - Navigating to Mirror Dungeon
2025-05-14 08:59:24,565 - __main__ - INFO - Current Team: burn
2025-05-14 08:59:28,555 - src.core - INFO - Loading
2025-05-14 08:59:31,083 - mirror - INFO - Resuming Run
2025-05-14 08:59:31,830 - mirror - INFO - Navigating
2025-05-14 08:59:34,463 - mirror - INFO - Selecting Squad for Battle
2025-05-14 09:22:33,195 - __main__ - INFO - Starting Run
2025-05-14 09:22:33,195 - __main__ - INFO - Run 1
2025-05-14 09:22:33,309 - core - INFO - Converting Enkephalin to Modules
2025-05-14 09:22:33,732 - core - INFO - Navigating to Mirror Dungeon
2025-05-14 09:22:49,656 - __main__ - INFO - Current Team: burn
2025-05-14 09:22:53,628 - src.core - INFO - Loading
2025-05-14 09:40:32,773 - INFO - Starting Run
2025-05-14 09:40:32,773 - INFO - Run 1
2025-05-14 09:40:32,898 - INFO - Converting Enkephalin to Modules
2025-05-14 09:40:36,223 - INFO - Navigating to Mirror Dungeon
2025-05-14 09:40:45,953 - INFO - Current Team: burn
2025-05-14 09:41:03,494 - INFO - Starting Run
2025-05-14 09:41:03,494 - INFO - Run 1
2025-05-14 09:41:03,616 - INFO - Converting Enkephalin to Modules
2025-05-14 09:41:04,542 - INFO - Starting Run
2025-05-14 09:41:04,542 - INFO - Run 1
2025-05-14 09:41:04,692 - INFO - Converting Enkephalin to Modules
2025-05-14 09:41:08,069 - INFO - Navigating to Mirror Dungeon
2025-05-14 09:41:10,799 - INFO - Current Team: burn
2025-05-14 09:43:02,981 - INFO - Starting Run
2025-05-14 09:43:02,981 - INFO - Run 1
2025-05-14 09:43:03,103 - INFO - Converting Enkephalin to Modules
2025-05-14 09:43:06,429 - INFO - Navigating to Mirror Dungeon
2025-05-14 09:43:09,133 - INFO - Current Team: burn
2025-05-14 09:43:18,644 - INFO - Starting Run
2025-05-14 09:43:18,644 - INFO - Run 1
2025-05-14 09:43:18,762 - INFO - Converting Enkephalin to Modules
2025-05-14 09:43:19,183 - INFO - Navigating to Mirror Dungeon
2025-05-14 09:44:28,655 - INFO - Starting Run
2025-05-14 09:44:28,655 - INFO - Run 1
2025-05-14 09:44:28,773 - INFO - Converting Enkephalin to Modules
2025-05-14 09:44:32,075 - INFO - Navigating to Mirror Dungeon
2025-05-14 09:44:34,785 - INFO - Current Team: burn
2025-05-14 09:49:25,352 - INFO - Starting Run
2025-05-14 09:49:25,352 - INFO - Run 1
2025-05-14 09:49:25,485 - INFO - Converting Enkephalin to Modules
2025-05-14 09:49:38,378 - INFO - Starting Run
2025-05-14 09:49:38,378 - INFO - Run 1
2025-05-14 09:49:38,500 - INFO - Converting Enkephalin to Modules
2025-05-14 09:55:45,916 - __main__ - INFO - Starting Run
2025-05-14 09:55:45,918 - __main__ - INFO - Run 1
2025-05-14 09:55:46,032 - core - INFO - Converting Enkephalin to Modules
2025-05-14 09:55:49,351 - core - INFO - Navigating to Mirror Dungeon
2025-05-14 09:55:52,069 - __main__ - INFO - Current Team: burn
2025-05-14 09:55:56,720 - __main__ - INFO - Run interrupted mid-dungeon.
2025-05-14 10:12:05,533 - INFO - Starting Run
2025-05-14 10:12:05,533 - INFO - Run 1
2025-05-14 10:12:05,654 - INFO - Converting Enkephalin to Modules
2025-05-14 10:12:11,490 - INFO - Starting Run
2025-05-14 10:12:11,490 - INFO - Run 1
2025-05-14 10:12:11,611 - INFO - Converting Enkephalin to Modules
2025-05-14 10:12:12,755 - INFO - Navigating to Mirror Dungeon
2025-05-14 10:12:13,724 - INFO - Current Team: burn
2025-05-14 10:12:17,683 - INFO - Loading
2025-05-14 10:12:20,196 - INFO - Resuming Run
2025-05-14 10:12:20,924 - INFO - Navigating
2025-05-14 10:12:23,576 - INFO - Selecting Squad for Battle
2025-05-14 10:12:38,332 - INFO - Starting Battle
2025-05-14 10:14:07,973 - INFO - Starting Run
2025-05-14 10:14:07,973 - INFO - Run 1
2025-05-14 10:14:08,094 - INFO - Converting Enkephalin to Modules
2025-05-14 10:18:28,309 - INFO - Starting Run
2025-05-14 10:18:28,309 - INFO - Run 1
2025-05-14 10:18:28,427 - INFO - Converting Enkephalin to Modules
2025-05-14 10:18:31,725 - INFO - Navigating to Mirror Dungeon
2025-05-14 10:21:51,796 - INFO - Starting Run
2025-05-14 10:21:51,796 - INFO - Run 1
2025-05-14 10:21:51,917 - INFO - Converting Enkephalin to Modules
2025-05-14 10:25:14,869 - INFO - Starting Run
2025-05-14 10:25:14,869 - INFO - Run 1
2025-05-14 10:25:15,003 - INFO - Converting Enkephalin to Modules
2025-05-14 10:25:19,842 - INFO - Starting Run
2025-05-14 10:25:19,842 - INFO - Run 1
2025-05-14 12:04:09,857 - ERROR - integer division or modulo by zero
Traceback (most recent call last):
  File "C:\Users\viraj\Desktop\eee\all data\compiled_runner.py", line 34, in mirror_dungeon_run
    status_list = (status_list_file * ((num_runs // len(status_list_file)) + 1))[:num_runs]
ZeroDivisionError: integer division or modulo by zero
2025-05-14 12:04:18,297 - INFO - Starting Run
2025-05-14 12:04:18,297 - INFO - Run 1
2025-05-14 12:04:18,415 - INFO - Converting Enkephalin to Modules
2025-05-14 12:04:18,821 - INFO - Navigating to Mirror Dungeon
2025-05-14 12:04:27,070 - INFO - Starting Run
2025-05-14 12:04:27,070 - INFO - Run 1
2025-05-14 12:04:27,188 - INFO - Converting Enkephalin to Modules
2025-05-14 12:04:27,592 - INFO - Navigating to Mirror Dungeon
2025-05-14 12:04:58,906 - ERROR - integer division or modulo by zero
Traceback (most recent call last):
  File "C:\Users\viraj\Desktop\eee\all data\compiled_runner.py", line 34, in mirror_dungeon_run
    status_list = (status_list_file * ((num_runs // len(status_list_file)) + 1))[:num_runs]
ZeroDivisionError: integer division or modulo by zero
2025-05-14 12:05:31,592 - INFO - Starting Run
2025-05-14 12:05:31,592 - INFO - Run 1
2025-05-14 12:05:31,713 - INFO - Converting Enkephalin to Modules
2025-05-14 12:11:27,307 - INFO - Starting Run
2025-05-14 12:11:27,308 - INFO - Run 1
2025-05-14 12:11:27,425 - INFO - Converting Enkephalin to Modules
2025-05-14 12:11:30,696 - INFO - Navigating to Mirror Dungeon
2025-05-14 12:11:31,663 - INFO - Current Team: sinking
2025-05-14 12:11:35,602 - INFO - Loading
2025-05-14 12:11:38,143 - INFO - Resuming Run
2025-05-14 12:11:38,861 - INFO - Navigating
2025-05-14 12:11:41,466 - INFO - Selecting Squad for Battle
2025-05-14 12:12:23,061 - INFO - Starting Run
2025-05-14 12:12:23,061 - INFO - Run 1
2025-05-14 12:12:23,184 - INFO - Converting Enkephalin to Modules
2025-05-14 12:12:26,464 - INFO - Navigating to Mirror Dungeon
2025-05-14 12:12:29,127 - INFO - Current Team: sinking
2025-05-14 12:12:31,866 - INFO - Starting Run
2025-05-14 12:12:31,977 - INFO - Mirror Dungeon Squad Select
2025-05-14 12:12:39,555 - INFO - Grace of Stars
2025-05-14 12:12:43,614 - INFO - E.G.O Gift Selection
2025-05-14 12:12:46,062 - INFO - Starting Run
2025-05-14 12:12:46,062 - INFO - Run 1
2025-05-14 12:12:46,186 - INFO - Converting Enkephalin to Modules
2025-05-14 12:12:46,606 - INFO - Navigating to Mirror Dungeon
2025-05-14 12:15:47,042 - INFO - Starting Run
2025-05-14 12:15:47,042 - INFO - Run 1
2025-05-14 12:15:47,161 - INFO - Converting Enkephalin to Modules
2025-05-14 12:15:50,455 - INFO - Navigating to Mirror Dungeon
2025-05-14 12:15:51,446 - INFO - Current Team: charge
2025-05-14 12:15:54,185 - INFO - Starting Run
2025-05-14 12:15:54,284 - INFO - Mirror Dungeon Squad Select
2025-05-14 16:18:44,073 - INFO - Starting Run
2025-05-14 16:18:44,073 - INFO - Run 1
2025-05-14 16:18:44,197 - INFO - Converting Enkephalin to Modules
2025-05-14 16:18:47,495 - INFO - Navigating to Mirror Dungeon
2025-05-14 16:18:50,209 - INFO - Current Team: burn
2025-05-14 16:18:54,783 - INFO - Loading
2025-05-14 16:19:22,705 - INFO - Starting Run
2025-05-14 16:19:22,705 - INFO - Run 1
2025-05-14 16:19:22,825 - INFO - Converting Enkephalin to Modules
2025-05-14 16:19:26,114 - INFO - Navigating to Mirror Dungeon
2025-05-14 16:19:28,817 - INFO - Current Team: burn
2025-05-14 16:19:31,582 - INFO - Starting Run
2025-05-14 16:19:31,687 - INFO - Mirror Dungeon Squad Select
2025-05-14 16:19:38,616 - INFO - Grace of Stars
2025-05-14 16:20:10,324 - INFO - Starting Run
2025-05-14 16:20:10,324 - INFO - Run 1
2025-05-14 16:20:10,442 - INFO - Converting Enkephalin to Modules
2025-05-14 16:20:13,743 - INFO - Navigating to Mirror Dungeon
2025-05-14 16:20:14,710 - INFO - Current Team: burn
2025-05-14 16:20:18,694 - INFO - Loading
2025-05-14 16:20:18,799 - INFO - Resuming Run
2025-05-14 16:20:19,018 - INFO - Mirror Dungeon Squad Select
2025-05-14 16:20:25,946 - INFO - Grace of Stars
2025-05-14 16:20:30,035 - INFO - E.G.O Gift Selection
2025-05-14 16:20:33,898 - INFO - Loading
2025-05-14 16:20:34,634 - INFO - EGO GIFT Prompt
2025-05-14 16:20:41,316 - INFO - Pack Selection
2025-05-14 16:20:41,435 - INFO - Current Floor f1
2025-05-14 16:20:47,817 - DEBUG - 118.66666666666667
2025-05-14 16:20:47,966 - INFO - Pack exclusion not detected, status detected, choosing from status
2025-05-14 16:20:48,067 - DEBUG - [(np.int64(579), np.int64(870)), (np.int64(895), np.int64(870)), (np.int64(1081), np.int64(870)), (np.int64(1211), np.int64(870)), (np.int64(1527), np.int64(870))]
2025-05-14 16:20:48,271 - DEBUG - [(np.int64(556), np.int64(888))]
2025-05-14 16:20:48,271 - DEBUG - {(np.int64(579), np.int64(870))}
2025-05-14 16:20:48,271 - DEBUG - Found Owned Gifts in Pack rewards - filtering
2025-05-14 16:20:49,800 - INFO - Moving to Next Floor
2025-05-14 16:20:55,456 - INFO - Navigating
2025-05-14 16:20:56,876 - DEBUG - Checking for Node Paths
2025-05-14 16:20:56,876 - DEBUG - [263, 689, 1115]
2025-05-14 16:20:58,744 - DEBUG - [(np.int64(1087), np.int64(421)), (np.int64(1087), np.int64(741)), (np.int64(1470), np.int64(102)), (np.int64(1471), np.int64(741)), (np.int64(1615), np.int64(63)), (np.int64(1854), np.int64(421))]
2025-05-14 16:20:58,744 - DEBUG - [(np.int64(1087), np.int64(421)), (np.int64(1087), np.int64(741))]
2025-05-14 16:20:58,744 - DEBUG - {(1080, 836), (1080, 517)}
2025-05-14 16:20:58,744 - DEBUG - [(1080, 197)]
2025-05-14 16:20:58,744 - DEBUG - [(1080, 197), (1080, 836), (1080, 517)]
2025-05-14 16:21:01,844 - INFO - Entered ? node
2025-05-14 16:21:02,501 - INFO - Event
2025-05-14 16:21:03,725 - INFO - Select to gain EGO Gift
2025-05-14 16:21:08,622 - INFO - Navigating
2025-05-14 16:21:10,007 - DEBUG - Checking for Node Paths
2025-05-14 16:21:10,007 - DEBUG - [689]
2025-05-14 16:21:11,854 - DEBUG - [(np.int64(703), np.int64(739)), (np.int64(1086), np.int64(1059)), (np.int64(1087), np.int64(419)), (np.int64(1471), np.int64(419)), (np.int64(1471), np.int64(739)), (np.int64(1615), np.int64(63)), (np.int64(1854), np.int64(1059))]
2025-05-14 16:21:11,854 - DEBUG - [(np.int64(1086), np.int64(1059)), (np.int64(1087), np.int64(419))]
2025-05-14 16:21:11,854 - DEBUG - {(1080, 517)}
2025-05-14 16:21:11,854 - DEBUG - []
2025-05-14 16:21:11,854 - DEBUG - [(1080, 517)]
2025-05-14 16:21:15,200 - INFO - Selecting Squad for Battle
